<?xml version="1.0" encoding="UTF-8"?>
<!-- Generated by org.testng.reporters.JUnitXMLReporter -->
<testsuite hostname="DESKTOP-3UA4SKP" ignored="0" name="Default test" tests="3" failures="0" timestamp="2022-09-20T17:02:00 CEST" time="17.578" errors="0">
  <testcase name="editRow" time="1.447" classname="d19_09_2022.BootstrapTableTests"/>
  <testcase name="deleteRow" time="6.09" classname="d19_09_2022.BootstrapTableTests"/>
  <testcase name="takeAScreenshot" time="0.59" classname="d19_09_2022.BootstrapTableTests"/>
</testsuite> <!-- Default test -->
